<?xml version="1.0" encoding="UTF-8"?>
<coverage generated="1699766917225" clover="3.2.0">
  <project timestamp="1699766917225" name="All files">
    <metrics statements="9" coveredstatements="9" conditionals="2" coveredconditionals="2" methods="1" coveredmethods="1" elements="12" coveredelements="12" complexity="0" loc="9" ncloc="9" packages="2" files="2" classes="2"/>
    <package name="mocks.services">
      <metrics statements="1" coveredstatements="1" conditionals="0" coveredconditionals="0" methods="0" coveredmethods="0"/>
      <file name="FirebaseServicesMock.js" path="C:\Users\Alvaro\Desktop\CartiLife2.0\CartiLife\mocks\services\FirebaseServicesMock.js">
        <metrics statements="1" coveredstatements="1" conditionals="0" coveredconditionals="0" methods="0" coveredmethods="0"/>
        <line num="1" count="1" type="stmt"/>
      </file>
    </package>
    <package name="src.functions">
      <metrics statements="8" coveredstatements="8" conditionals="2" coveredconditionals="2" methods="1" coveredmethods="1"/>
      <file name="checkPatientId.js" path="C:\Users\Alvaro\Desktop\CartiLife2.0\CartiLife\src\functions\checkPatientId.js">
        <metrics statements="8" coveredstatements="8" conditionals="2" coveredconditionals="2" methods="1" coveredmethods="1"/>
        <line num="3" count="1" type="stmt"/>
        <line num="9" count="4" type="stmt"/>
        <line num="10" count="4" type="stmt"/>
        <line num="12" count="3" type="cond" truecount="2" falsecount="0"/>
        <line num="13" count="1" type="stmt"/>
        <line num="15" count="1" type="stmt"/>
        <line num="18" count="2" type="stmt"/>
        <line num="19" count="2" type="stmt"/>
      </file>
    </package>
  </project>
</coverage>
