{"C:\\Users\\Alvaro\\Desktop\\CartiLife2.0\\CartiLife\\mocks\\services\\FirebaseServicesMock.js": {"path":"C:\\Users\\Alvaro\\Desktop\\CartiLife2.0\\CartiLife\\mocks\\services\\FirebaseServicesMock.js","statementMap":{"0":{"start":{"line":1,"column":18},"end":{"line":5,"column":1}}},"fnMap":{},"branchMap":{},"s":{"0":1},"f":{},"b":{},"_coverageSchema":"1a1c01bbd47fc00a2c39e90264f33305004495a9","hash":"5adaa754b7202f00cae8b555960eb84368a7cf9f"}
,"C:\\Users\\Alvaro\\Desktop\\CartiLife2.0\\CartiLife\\src\\functions\\checkPatientId.js": {"path":"C:\\Users\\Alvaro\\Desktop\\CartiLife2.0\\CartiLife\\src\\functions\\checkPatientId.js","statementMap":{"0":{"start":{"line":3,"column":30},"end":{"line":21,"column":1}},"1":{"start":{"line":9,"column":2},"end":{"line":20,"column":3}},"2":{"start":{"line":10,"column":16},"end":{"line":10,"column":66}},"3":{"start":{"line":12,"column":4},"end":{"line":16,"column":5}},"4":{"start":{"line":13,"column":6},"end":{"line":13,"column":25}},"5":{"start":{"line":15,"column":6},"end":{"line":15,"column":19}},"6":{"start":{"line":18,"column":4},"end":{"line":18,"column":51}},"7":{"start":{"line":19,"column":4},"end":{"line":19,"column":14}}},"fnMap":{"0":{"name":"(anonymous_0)","decl":{"start":{"line":3,"column":30},"end":{"line":3,"column":31}},"loc":{"start":{"line":8,"column":5},"end":{"line":21,"column":1}},"line":8}},"branchMap":{"0":{"loc":{"start":{"line":12,"column":4},"end":{"line":16,"column":5}},"type":"if","locations":[{"start":{"line":12,"column":4},"end":{"line":16,"column":5}},{"start":{"line":14,"column":11},"end":{"line":16,"column":5}}],"line":12}},"s":{"0":1,"1":4,"2":4,"3":3,"4":1,"5":1,"6":2,"7":2},"f":{"0":4},"b":{"0":[1,1]},"_coverageSchema":"1a1c01bbd47fc00a2c39e90264f33305004495a9","hash":"a47a551df62b2868db6c932d4c7564470631cb4e"}
}
